<?xml version="1.0" encoding="UTF-8"?>
<testng-results ignored="0" total="3" passed="3" failed="0" skipped="0">
  <reporter-output>
  </reporter-output>
  <suite started-at="2026-02-12T10:49:47 IST" name="AmazonSuite" finished-at="2026-02-12T10:49:52 IST" duration-ms="4979">
    <groups>
    </groups>
    <test started-at="2026-02-12T10:49:47 IST" name="EdgeTest" finished-at="2026-02-12T10:49:50 IST" duration-ms="2512">
      <class name="com.amazon.amazonProject1.AmazonTest">
        <test-method is-config="true" signature="setup(java.lang.String)[pri:0, instance:com.amazon.amazonProject1.AmazonTest@3ce1e309]" started-at="2026-02-12T10:49:47 IST" name="setup" finished-at="2026-02-12T10:49:48 IST" duration-ms="1220" status="PASS">
          <params>
            <param index="0">
              <value>
                <![CDATA[edge]]>
              </value>
            </param>
          </params>
          <reporter-output>
          </reporter-output>
        </test-method> <!-- setup -->
        <test-method signature="amazonSearch()[pri:0, instance:com.amazon.amazonProject1.AmazonTest@3ce1e309]" started-at="2026-02-12T10:49:48 IST" name="amazonSearch" finished-at="2026-02-12T10:49:50 IST" duration-ms="1192" status="PASS">
          <reporter-output>
          </reporter-output>
        </test-method> <!-- amazonSearch -->
        <test-method is-config="true" signature="tearDown()[pri:0, instance:com.amazon.amazonProject1.AmazonTest@3ce1e309]" started-at="2026-02-12T10:49:50 IST" name="tearDown" finished-at="2026-02-12T10:49:50 IST" duration-ms="83" status="PASS">
          <reporter-output>
          </reporter-output>
        </test-method> <!-- tearDown -->
      </class> <!-- com.amazon.amazonProject1.AmazonTest -->
    </test> <!-- EdgeTest -->
    <test started-at="2026-02-12T10:49:47 IST" name="ChromeTest" finished-at="2026-02-12T10:49:50 IST" duration-ms="2494">
      <class name="com.amazon.amazonProject1.AmazonTest">
        <test-method is-config="true" signature="setup(java.lang.String)[pri:0, instance:com.amazon.amazonProject1.AmazonTest@c33b74f]" started-at="2026-02-12T10:49:47 IST" name="setup" finished-at="2026-02-12T10:49:48 IST" duration-ms="1192" status="PASS">
          <params>
            <param index="0">
              <value>
                <![CDATA[chrome]]>
              </value>
            </param>
          </params>
          <reporter-output>
          </reporter-output>
        </test-method> <!-- setup -->
        <test-method signature="amazonSearch()[pri:0, instance:com.amazon.amazonProject1.AmazonTest@c33b74f]" started-at="2026-02-12T10:49:48 IST" name="amazonSearch" finished-at="2026-02-12T10:49:49 IST" duration-ms="1180" status="PASS">
          <reporter-output>
          </reporter-output>
        </test-method> <!-- amazonSearch -->
        <test-method is-config="true" signature="tearDown()[pri:0, instance:com.amazon.amazonProject1.AmazonTest@c33b74f]" started-at="2026-02-12T10:49:49 IST" name="tearDown" finished-at="2026-02-12T10:49:50 IST" duration-ms="84" status="PASS">
          <reporter-output>
          </reporter-output>
        </test-method> <!-- tearDown -->
      </class> <!-- com.amazon.amazonProject1.AmazonTest -->
    </test> <!-- ChromeTest -->
    <test started-at="2026-02-12T10:49:47 IST" name="FirefoxTest" finished-at="2026-02-12T10:49:52 IST" duration-ms="4979">
      <class name="com.amazon.amazonProject1.AmazonTest">
        <test-method is-config="true" signature="setup(java.lang.String)[pri:0, instance:com.amazon.amazonProject1.AmazonTest@6e20b53a]" started-at="2026-02-12T10:49:47 IST" name="setup" finished-at="2026-02-12T10:49:50 IST" duration-ms="2704" status="PASS">
          <params>
            <param index="0">
              <value>
                <![CDATA[firefox]]>
              </value>
            </param>
          </params>
          <reporter-output>
          </reporter-output>
        </test-method> <!-- setup -->
        <test-method signature="amazonSearch()[pri:0, instance:com.amazon.amazonProject1.AmazonTest@6e20b53a]" started-at="2026-02-12T10:49:50 IST" name="amazonSearch" finished-at="2026-02-12T10:49:51 IST" duration-ms="1407" status="PASS">
          <reporter-output>
          </reporter-output>
        </test-method> <!-- amazonSearch -->
        <test-method is-config="true" signature="tearDown()[pri:0, instance:com.amazon.amazonProject1.AmazonTest@6e20b53a]" started-at="2026-02-12T10:49:51 IST" name="tearDown" finished-at="2026-02-12T10:49:52 IST" duration-ms="850" status="PASS">
          <reporter-output>
          </reporter-output>
        </test-method> <!-- tearDown -->
      </class> <!-- com.amazon.amazonProject1.AmazonTest -->
    </test> <!-- FirefoxTest -->
  </suite> <!-- AmazonSuite -->
</testng-results>
