<?xml version="1.0" encoding="UTF-8"?>
<testsuite xmlns:xsi="http://www.w3.org/2001/XMLSchema-instance" xsi:noNamespaceSchemaLocation="https://maven.apache.org/surefire/maven-surefire-plugin/xsd/surefire-test-report-3.0.xsd" version="3.0" name="TestSuite" time="5.689" tests="3" errors="0" skipped="0" failures="0">
  <properties>
[...]
</properties>
  <testcase name="amazonSearch" classname="com.amazon.amazonProject1.AmazonTest" time="1.172">
    <system-out><![CDATA[Page Title: 
]]></system-out>
    <system-err><![CDATA[SLF4J: Failed to load class "org.slf4j.impl.StaticLoggerBinder".
SLF4J: Defaulting to no-operation (NOP) logger implementation
SLF4J: See http://www.slf4j.org/codes.html#StaticLoggerBinder for further details.
Feb 12, 2026 10:49:47 AM org.openqa.selenium.remote.tracing.opentelemetry.OpenTelemetryTracer createTracer
INFO: Using OpenTelemetry for tracing
]]></system-err>
  </testcase>
  <testcase name="amazonSearch" classname="com.amazon.amazonProject1.AmazonTest" time="1.194">
    <system-out><![CDATA[Page Title: 
]]></system-out>
  </testcase>
  <testcase name="amazonSearch" classname="com.amazon.amazonProject1.AmazonTest" time="1.408">
    <system-out><![CDATA[Page Title: 
]]></system-out>
  </testcase>
</testsuite>