<?xml version="1.0" encoding="UTF-8"?>
<testng-results ignored="0" total="3" passed="3" failed="0" skipped="0">
  <reporter-output>
  </reporter-output>
  <suite started-at="2026-02-12T10:31:10 IST" name="AmazonSuite" finished-at="2026-02-12T10:31:15 IST" duration-ms="5385">
    <groups>
    </groups>
    <test started-at="2026-02-12T10:31:10 IST" name="ChromeTest" finished-at="2026-02-12T10:31:13 IST" duration-ms="2943">
      <class name="com.amazon.amazonProject1.AmazonTest">
        <test-method is-config="true" signature="setup(java.lang.String)[pri:0, instance:com.amazon.amazonProject1.AmazonTest@557caf28]" started-at="2026-02-12T10:31:10 IST" name="setup" finished-at="2026-02-12T10:31:12 IST" duration-ms="1683" status="PASS">
          <params>
            <param index="0">
              <value>
                <![CDATA[chrome]]>
              </value>
            </param>
          </params>
          <reporter-output>
          </reporter-output>
        </test-method> <!-- setup -->
        <test-method signature="amazonSearch()[pri:0, instance:com.amazon.amazonProject1.AmazonTest@557caf28]" started-at="2026-02-12T10:31:12 IST" name="amazonSearch" finished-at="2026-02-12T10:31:13 IST" duration-ms="1120" status="PASS">
          <reporter-output>
          </reporter-output>
        </test-method> <!-- amazonSearch -->
        <test-method is-config="true" signature="tearDown()[pri:0, instance:com.amazon.amazonProject1.AmazonTest@557caf28]" started-at="2026-02-12T10:31:13 IST" name="tearDown" finished-at="2026-02-12T10:31:13 IST" duration-ms="96" status="PASS">
          <reporter-output>
          </reporter-output>
        </test-method> <!-- tearDown -->
      </class> <!-- com.amazon.amazonProject1.AmazonTest -->
    </test> <!-- ChromeTest -->
    <test started-at="2026-02-12T10:31:10 IST" name="EdgeTest" finished-at="2026-02-12T10:31:14 IST" duration-ms="3967">
      <class name="com.amazon.amazonProject1.AmazonTest">
        <test-method is-config="true" signature="setup(java.lang.String)[pri:0, instance:com.amazon.amazonProject1.AmazonTest@bcec361]" started-at="2026-02-12T10:31:10 IST" name="setup" finished-at="2026-02-12T10:31:13 IST" duration-ms="2933" status="PASS">
          <params>
            <param index="0">
              <value>
                <![CDATA[edge]]>
              </value>
            </param>
          </params>
          <reporter-output>
          </reporter-output>
        </test-method> <!-- setup -->
        <test-method signature="amazonSearch()[pri:0, instance:com.amazon.amazonProject1.AmazonTest@bcec361]" started-at="2026-02-12T10:31:13 IST" name="amazonSearch" finished-at="2026-02-12T10:31:14 IST" duration-ms="925" status="PASS">
          <reporter-output>
          </reporter-output>
        </test-method> <!-- amazonSearch -->
        <test-method is-config="true" signature="tearDown()[pri:0, instance:com.amazon.amazonProject1.AmazonTest@bcec361]" started-at="2026-02-12T10:31:14 IST" name="tearDown" finished-at="2026-02-12T10:31:14 IST" duration-ms="87" status="PASS">
          <reporter-output>
          </reporter-output>
        </test-method> <!-- tearDown -->
      </class> <!-- com.amazon.amazonProject1.AmazonTest -->
    </test> <!-- EdgeTest -->
    <test started-at="2026-02-12T10:31:10 IST" name="FirefoxTest" finished-at="2026-02-12T10:31:15 IST" duration-ms="5385">
      <class name="com.amazon.amazonProject1.AmazonTest">
        <test-method is-config="true" signature="setup(java.lang.String)[pri:0, instance:com.amazon.amazonProject1.AmazonTest@4b2bac3f]" started-at="2026-02-12T10:31:10 IST" name="setup" finished-at="2026-02-12T10:31:14 IST" duration-ms="3713" status="PASS">
          <params>
            <param index="0">
              <value>
                <![CDATA[firefox]]>
              </value>
            </param>
          </params>
          <reporter-output>
          </reporter-output>
        </test-method> <!-- setup -->
        <test-method signature="amazonSearch()[pri:0, instance:com.amazon.amazonProject1.AmazonTest@4b2bac3f]" started-at="2026-02-12T10:31:14 IST" name="amazonSearch" finished-at="2026-02-12T10:31:15 IST" duration-ms="778" status="PASS">
          <reporter-output>
          </reporter-output>
        </test-method> <!-- amazonSearch -->
        <test-method is-config="true" signature="tearDown()[pri:0, instance:com.amazon.amazonProject1.AmazonTest@4b2bac3f]" started-at="2026-02-12T10:31:15 IST" name="tearDown" finished-at="2026-02-12T10:31:15 IST" duration-ms="871" status="PASS">
          <reporter-output>
          </reporter-output>
        </test-method> <!-- tearDown -->
      </class> <!-- com.amazon.amazonProject1.AmazonTest -->
    </test> <!-- FirefoxTest -->
  </suite> <!-- AmazonSuite -->
</testng-results>
