<?xml version="1.0" encoding="UTF-8"?>
<!-- Generated by org.testng.reporters.JUnitReportReporter -->
<testsuite hostname="LAPTOP-DNHLF3S6" failures="0" tests="3" name="com.amazon.amazonProject1.AmazonTest" time="2.823" errors="0" timestamp="2026-02-12T10:31:15 IST" skipped="0">
  <testcase classname="com.amazon.amazonProject1.AmazonTest" name="amazonSearch" time="1.120"/>
  <testcase classname="com.amazon.amazonProject1.AmazonTest" name="amazonSearch" time="0.925"/>
  <testcase classname="com.amazon.amazonProject1.AmazonTest" name="amazonSearch" time="0.778"/>
</testsuite> <!-- com.amazon.amazonProject1.AmazonTest -->
