<?xml version="1.0" encoding="UTF-8"?>
<!-- Generated by org.testng.reporters.JUnitReportReporter -->
<testsuite hostname="LAPTOP-DNHLF3S6" failures="0" tests="3" name="com.amazon.amazonProject1.AmazonTest" time="3.779" errors="0" timestamp="2026-02-12T10:49:52 IST" skipped="0">
  <testcase classname="com.amazon.amazonProject1.AmazonTest" name="amazonSearch" time="1.192"/>
  <testcase classname="com.amazon.amazonProject1.AmazonTest" name="amazonSearch" time="1.407"/>
  <testcase classname="com.amazon.amazonProject1.AmazonTest" name="amazonSearch" time="1.180"/>
</testsuite> <!-- com.amazon.amazonProject1.AmazonTest -->
